Log file open, 05/15/19 15:57:24
LogWindows: Failed to load 'aqProf.dll' (GetLastError=126)
LogWindows: File 'aqProf.dll' does not exist
LogWindows: Failed to load 'VtuneApi.dll' (GetLastError=126)
LogWindows: File 'VtuneApi.dll' does not exist
LogWindows: Failed to load 'VtuneApi32e.dll' (GetLastError=126)
LogWindows: File 'VtuneApi32e.dll' does not exist
LogConsoleResponse: Display: Failed to find resolution value strings in scalability ini. Falling back to default.
LogInit: Display: Running engine for game: FinalProject
LogPakFile: Registered encryption key '00000000000000000000000000000000': 0 pak files mounted, 0 remain pending
LogPlatformFile: Not using cached read wrapper
LogTaskGraph: Started task graph with 5 named threads and 23 total threads with 3 sets of task threads.
LogStats: Stats thread started at 0.292337
LogD3D11RHI: Loaded GFSDK_Aftermath_Lib.x64.dll
LogICUInternationalization: ICU TimeZone Detection - Raw Offset: -8:00, Platform Override: ''
LogPluginManager: Mounting plugin Paper2D
LogPluginManager: Mounting plugin AISupport
LogPluginManager: Mounting plugin LightPropagationVolume
LogPluginManager: Mounting plugin ActorLayerUtilities
LogPluginManager: Mounting plugin AnimationSharing
LogPluginManager: Mounting plugin CLionSourceCodeAccess
LogPluginManager: Mounting plugin CodeLiteSourceCodeAccess
LogPluginManager: Mounting plugin GitSourceControl
LogPluginManager: Mounting plugin KDevelopSourceCodeAccess
LogPluginManager: Mounting plugin NullSourceCodeAccess
LogPluginManager: Mounting plugin PerforceSourceControl
LogPluginManager: Mounting plugin SubversionSourceControl
LogPluginManager: Mounting plugin UObjectPlugin
LogPluginManager: Mounting plugin VisualStudioCodeSourceCodeAccess
LogPluginManager: Mounting plugin VisualStudioSourceCodeAccess
LogPluginManager: Mounting plugin XCodeSourceCodeAccess
LogPluginManager: Mounting plugin AssetManagerEditor
LogPluginManager: Mounting plugin CryptoKeys
LogPluginManager: Mounting plugin DataValidation
LogPluginManager: Mounting plugin EditorScriptingUtilities
LogPluginManager: Mounting plugin FacialAnimation
LogPluginManager: Mounting plugin GameplayTagsEditor
LogPluginManager: Mounting plugin GLTFImporter
LogPluginManager: Mounting plugin MacGraphicsSwitching
LogPluginManager: Mounting plugin MaterialAnalyzer
LogPluginManager: Mounting plugin MeshEditor
LogPluginManager: Mounting plugin MobileLauncherProfileWizard
LogPluginManager: Mounting plugin PluginBrowser
LogPluginManager: Mounting plugin SpeedTreeImporter
LogPluginManager: Mounting plugin DatasmithContent
LogPluginManager: Mounting plugin VariantManagerContent
LogPluginManager: Mounting plugin AlembicImporter
LogPluginManager: Mounting plugin AppleImageUtils
LogPluginManager: Mounting plugin AppleVision
LogPluginManager: Mounting plugin BackChannel
LogPluginManager: Mounting plugin BlastPlugin
LogPluginManager: Mounting plugin ChaosSolverPlugin
LogPluginManager: Mounting plugin CharacterAI
LogPluginManager: Mounting plugin GeometryCache
LogPluginManager: Mounting plugin GeometryCollectionPlugin
LogPluginManager: Mounting plugin HTML5Networking
LogPluginManager: Mounting plugin ProxyLODPlugin
LogPluginManager: Mounting plugin SkeletalReduction
LogPluginManager: Mounting plugin MagicLeap
LogPluginManager: Mounting plugin MagicLeapMedia
LogPluginManager: Mounting plugin AndroidMedia
LogPluginManager: Mounting plugin AvfMedia
LogPluginManager: Mounting plugin ImgMedia
LogPluginManager: Mounting plugin LinearTimecode
LogPluginManager: Mounting plugin MediaCompositing
LogPluginManager: Mounting plugin MediaPlayerEditor
LogPluginManager: Mounting plugin WebMMedia
LogPluginManager: Mounting plugin WmfMedia
LogPluginManager: Mounting plugin TcpMessaging
LogPluginManager: Mounting plugin UdpMessaging
LogPluginManager: Mounting plugin ActorSequence
LogPluginManager: Mounting plugin LevelSequenceEditor
LogPluginManager: Mounting plugin MatineeToLevelSequence
LogPluginManager: Mounting plugin NetcodeUnitTest
LogPluginManager: Mounting plugin NUTUnrealEngine4
LogPluginManager: Mounting plugin OnlineSubsystemGooglePlay
LogPluginManager: Mounting plugin OnlineSubsystemIOS
LogPluginManager: Mounting plugin OnlineSubsystem
LogPluginManager: Mounting plugin OnlineSubsystemNull
LogPluginManager: Mounting plugin OnlineSubsystemUtils
LogPluginManager: Mounting plugin LauncherChunkInstaller
LogPluginManager: Mounting plugin AndroidDeviceProfileSelector
LogPluginManager: Mounting plugin AndroidMoviePlayer
LogPluginManager: Mounting plugin AndroidPermission
LogPluginManager: Mounting plugin AppleMoviePlayer
LogPluginManager: Mounting plugin ArchVisCharacter
LogPluginManager: Mounting plugin AudioCapture
LogPluginManager: Mounting plugin CableComponent
LogPluginManager: Mounting plugin CustomMeshComponent
LogPluginManager: Mounting plugin EditableMesh
LogPluginManager: Mounting plugin ExampleDeviceProfileSelector
LogPluginManager: Mounting plugin Firebase
LogPluginManager: Mounting plugin GoogleCloudMessaging
LogPluginManager: Mounting plugin IOSDeviceProfileSelector
LogPluginManager: Mounting plugin LinuxDeviceProfileSelector
LogPluginManager: Mounting plugin LocationServicesBPLibrary
LogPluginManager: Mounting plugin MobilePatchingUtils
LogPluginManager: Mounting plugin OculusVR
LogPluginManager: Mounting plugin PhysXVehicles
LogPluginManager: Mounting plugin ProceduralMeshComponent
LogPluginManager: Mounting plugin RuntimePhysXCooking
LogPluginManager: Mounting plugin SignificanceManager
LogPluginManager: Mounting plugin SteamVR
LogPluginManager: Mounting plugin WebMMoviePlayer
LogPluginManager: Mounting plugin WindowsMoviePlayer
LogPluginManager: Mounting plugin DatasmithCADImporter
LogPluginManager: Mounting plugin DatasmithDataPrepEditor
LogPluginManager: Mounting plugin DatasmithFBXImporter
LogPluginManager: Mounting plugin DatasmithGLTFImporter
LogPluginManager: Mounting plugin DatasmithImporter
LogPluginManager: Mounting plugin MDLImporter
LogPluginManager: Mounting plugin StaticMeshEditorExtension
LogPluginManager: Mounting plugin VariantManager
LogInit: Using libcurl 7.55.1-DEV
LogInit:  - built for x86_64-pc-win32
LogInit:  - supports SSL with OpenSSL/1.1.1
LogInit:  - supports HTTP deflate (compression) using libz 1.2.8
LogInit:  - other features:
LogInit:      CURL_VERSION_SSL
LogInit:      CURL_VERSION_LIBZ
LogInit:      CURL_VERSION_IPV6
LogInit:      CURL_VERSION_ASYNCHDNS
LogInit:      CURL_VERSION_LARGEFILE
LogInit:      CURL_VERSION_IDN
LogInit:  CurlRequestOptions (configurable via config and command line):
LogInit:  - bVerifyPeer = true  - Libcurl will verify peer certificate
LogInit:  - bUseHttpProxy = false  - Libcurl will NOT use HTTP proxy
LogInit:  - bDontReuseConnections = false  - Libcurl will reuse connections
LogInit:  - MaxHostConnections = 16  - Libcurl will limit the number of connections to a host
LogInit:  - LocalHostAddr = Default
LogInit:  - BufferSize = 65536
LogInit: WinSock: version 1.1 (2.2), MaxSocks=32767, MaxUdp=65467
LogInit: Build: ++UE4+Release-4.22-CL-6063286
LogInit: Engine Version: 4.22.1-6063286+++UE4+Release-4.22
LogInit: Compatible Engine Version: 4.22.0-5660361+++UE4+Release-4.22
LogInit: Net CL: 5660361
LogInit: OS: Windows 10 (Release 1803) (), CPU: Intel(R) Core(TM) i7-7700HQ CPU @ 2.80GHz, GPU: Intel(R) HD Graphics 630
LogInit: Compiled (64-bit): Apr 24 2019 04:36:48
LogInit: Compiled with Visual C++: 19.16.27025.01
LogInit: Build Configuration: Development
LogInit: Branch Name: ++UE4+Release-4.22
LogInit: Command Line:  -skipcompile
LogInit: Base Directory: C:/Program Files/Epic Games/UE_4.22/Engine/Binaries/Win64/
LogInit: Installed Engine Build: 1
LogDevObjectVersion: Number of dev versions registered: 23
LogDevObjectVersion:   Dev-Blueprints (B0D832E4-1F89-4F0D-ACCF-7EB736FD4AA2): 10
LogDevObjectVersion:   Dev-Build (E1C64328-A22C-4D53-A36C-8E866417BD8C): 0
LogDevObjectVersion:   Dev-Core (375EC13C-06E4-48FB-B500-84F0262A717E): 3
LogDevObjectVersion:   Dev-Editor (E4B068ED-F494-42E9-A231-DA0B2E46BB41): 30
LogDevObjectVersion:   Dev-Framework (CFFC743F-43B0-4480-9391-14DF171D2073): 35
LogDevObjectVersion:   Dev-Mobile (B02B49B5-BB20-44E9-A304-32B752E40360): 2
LogDevObjectVersion:   Dev-Networking (A4E4105C-59A1-49B5-A7C5-40C4547EDFEE): 0
LogDevObjectVersion:   Dev-Online (39C831C9-5AE6-47DC-9A44-9C173E1C8E7C): 0
LogDevObjectVersion:   Dev-Physics (78F01B33-EBEA-4F98-B9B4-84EACCB95AA2): 0
LogDevObjectVersion:   Dev-Platform (6631380F-2D4D-43E0-8009-CF276956A95A): 0
LogDevObjectVersion:   Dev-Rendering (12F88B9F-8875-4AFC-A67C-D90C383ABD29): 28
LogDevObjectVersion:   Dev-Sequencer (7B5AE74C-D270-4C10-A958-57980B212A5A): 11
LogDevObjectVersion:   Dev-VR (D7296918-1DD6-4BDD-9DE2-64A83CC13884): 2
LogDevObjectVersion:   Dev-LoadTimes (C2A15278-BFE7-4AFE-6C17-90FF531DF755): 1
LogDevObjectVersion:   Private-Geometry (6EACA3D4-40EC-4CC1-B786-8BED09428FC5): 3
LogDevObjectVersion:   Dev-AnimPhys (29E575DD-E0A3-4627-9D10-D276232CDCEA): 17
LogDevObjectVersion:   Dev-Anim (AF43A65D-7FD3-4947-9873-3E8ED9C1BB05): 2
LogDevObjectVersion:   Dev-ReflectionCapture (6B266CEC-1EC7-4B8F-A30B-E4D90942FC07): 1
LogDevObjectVersion:   Dev-Automation (0DF73D61-A23F-47EA-B727-89E90C41499A): 1
LogDevObjectVersion:   FortniteMain (601D1886-AC64-4F84-AA16-D3DE0DEAC7D6): 25
LogDevObjectVersion:   Dev-Enterprise (9DFFBCD6-494F-0158-E221-12823C92A888): 6
LogDevObjectVersion:   Dev-Niagara (F2AED0AC-9AFE-416F-8664-AA7FFA26D6FC): 1
LogDevObjectVersion:   Dev-Destruction (174F1F0B-B4C6-45A5-B13F-2EE8D0FB917D): 2
LogInit: Presizing for max 16777216 objects, including 0 objects not considered by GC, pre-allocating 0 bytes for permanent pool.
LogInit: Object subsystem initialized
LogConfig: Setting CVar [[con.DebugEarlyDefault:1]]
LogConfig: Setting CVar [[r.setres:1280x720]]
[2019.05.15-22.57.25:080][  0]LogConfig: Setting CVar [[r.VSync:0]]
[2019.05.15-22.57.25:080][  0]LogConfig: Setting CVar [[r.RHICmdBypass:0]]
[2019.05.15-22.57.25:080][  0]LogConfig: Applying CVar settings from Section [/Script/Engine.RendererSettings] File [C:/Users/Admin/Documents/Unreal Projects/FinalProject/Saved/Config/Windows/Engine.ini]
[2019.05.15-22.57.25:080][  0]LogConfig: Setting CVar [[r.GPUCrashDebugging:0]]
[2019.05.15-22.57.25:081][  0]LogConfig: Applying CVar settings from Section [/Script/Engine.RendererOverrideSettings] File [C:/Users/Admin/Documents/Unreal Projects/FinalProject/Saved/Config/Windows/Engine.ini]
[2019.05.15-22.57.25:081][  0]LogConfig: Applying CVar settings from Section [/Script/Engine.StreamingSettings] File [C:/Users/Admin/Documents/Unreal Projects/FinalProject/Saved/Config/Windows/Engine.ini]
[2019.05.15-22.57.25:081][  0]LogConfig: Setting CVar [[s.MinBulkDataSizeForAsyncLoading:131072]]
[2019.05.15-22.57.25:081][  0]LogConfig: Setting CVar [[s.AsyncLoadingThreadEnabled:0]]
[2019.05.15-22.57.25:081][  0]LogConfig: Setting CVar [[s.EventDrivenLoaderEnabled:1]]
[2019.05.15-22.57.25:081][  0]LogConfig: Setting CVar [[s.WarnIfTimeLimitExceeded:0]]
[2019.05.15-22.57.25:081][  0]LogConfig: Setting CVar [[s.TimeLimitExceededMultiplier:1.5]]
[2019.05.15-22.57.25:081][  0]LogConfig: Setting CVar [[s.TimeLimitExceededMinTime:0.005]]
[2019.05.15-22.57.25:081][  0]LogConfig: Setting CVar [[s.UseBackgroundLevelStreaming:1]]
[2019.05.15-22.57.25:081][  0]LogConfig: Setting CVar [[s.PriorityAsyncLoadingExtraTime:15.0]]
[2019.05.15-22.57.25:081][  0]LogConfig: Setting CVar [[s.LevelStreamingActorsUpdateTimeLimit:5.0]]
[2019.05.15-22.57.25:081][  0]LogConfig: Setting CVar [[s.PriorityLevelStreamingActorsUpdateExtraTime:5.0]]
[2019.05.15-22.57.25:081][  0]LogConfig: Setting CVar [[s.LevelStreamingComponentsRegistrationGranularity:10]]
[2019.05.15-22.57.25:081][  0]LogConfig: Setting CVar [[s.UnregisterComponentsTimeLimit:1.0]]
[2019.05.15-22.57.25:081][  0]LogConfig: Setting CVar [[s.LevelStreamingComponentsUnregistrationGranularity:5]]
[2019.05.15-22.57.25:081][  0]LogConfig: Applying CVar settings from Section [/Script/Engine.GarbageCollectionSettings] File [C:/Users/Admin/Documents/Unreal Projects/FinalProject/Saved/Config/Windows/Engine.ini]
[2019.05.15-22.57.25:081][  0]LogConfig: Setting CVar [[gc.MaxObjectsNotConsideredByGC:1]]
[2019.05.15-22.57.25:081][  0]LogConfig: Setting CVar [[gc.SizeOfPermanentObjectPool:0]]
[2019.05.15-22.57.25:081][  0]LogConfig: Setting CVar [[gc.FlushStreamingOnGC:0]]
[2019.05.15-22.57.25:081][  0]LogConfig: Setting CVar [[gc.NumRetriesBeforeForcingGC:10]]
[2019.05.15-22.57.25:081][  0]LogConfig: Setting CVar [[gc.AllowParallelGC:1]]
[2019.05.15-22.57.25:081][  0]LogConfig: Setting CVar [[gc.TimeBetweenPurgingPendingKillObjects:61.1]]
[2019.05.15-22.57.25:081][  0]LogConfig: Setting CVar [[gc.MaxObjectsInEditor:16777216]]
[2019.05.15-22.57.25:081][  0]LogConfig: Setting CVar [[gc.IncrementalBeginDestroyEnabled:1]]
[2019.05.15-22.57.25:081][  0]LogConfig: Setting CVar [[gc.CreateGCClusters:1]]
[2019.05.15-22.57.25:081][  0]LogConfig: Setting CVar [[gc.MinGCClusterSize:5]]
[2019.05.15-22.57.25:081][  0]LogConfig: Setting CVar [[gc.ActorClusteringEnabled:0]]
[2019.05.15-22.57.25:081][  0]LogConfig: Setting CVar [[gc.BlueprintClusteringEnabled:0]]
[2019.05.15-22.57.25:081][  0]LogConfig: Setting CVar [[gc.UseDisregardForGCOnDedicatedServers:0]]
[2019.05.15-22.57.25:081][  0]LogConfig: Applying CVar settings from Section [/Script/Engine.NetworkSettings] File [C:/Users/Admin/Documents/Unreal Projects/FinalProject/Saved/Config/Windows/Engine.ini]
[2019.05.15-22.57.25:081][  0]LogConfig: Applying CVar settings from Section [/Script/UnrealEd.CookerSettings] File [C:/Users/Admin/Documents/Unreal Projects/FinalProject/Saved/Config/Windows/Engine.ini]
[2019.05.15-22.57.25:083][  0]LogConfig: Applying CVar settings from Section [ViewDistanceQuality@3] File [C:/Users/Admin/Documents/Unreal Projects/FinalProject/Saved/Config/Windows/Scalability.ini]
[2019.05.15-22.57.25:083][  0]LogConfig: Setting CVar [[r.SkeletalMeshLODBias:0]]
[2019.05.15-22.57.25:083][  0]LogConfig: Setting CVar [[r.ViewDistanceScale:1.0]]
[2019.05.15-22.57.25:083][  0]LogConfig: Applying CVar settings from Section [AntiAliasingQuality@3] File [C:/Users/Admin/Documents/Unreal Projects/FinalProject/Saved/Config/Windows/Scalability.ini]
[2019.05.15-22.57.25:083][  0]LogConfig: Setting CVar [[r.PostProcessAAQuality:4]]
[2019.05.15-22.57.25:083][  0]LogConfig: Applying CVar settings from Section [ShadowQuality@3] File [C:/Users/Admin/Documents/Unreal Projects/FinalProject/Saved/Config/Windows/Scalability.ini]
[2019.05.15-22.57.25:083][  0]LogConfig: Setting CVar [[r.LightFunctionQuality:1]]
[2019.05.15-22.57.25:083][  0]LogConfig: Setting CVar [[r.ShadowQuality:5]]
[2019.05.15-22.57.25:083][  0]LogConfig: Setting CVar [[r.Shadow.CSM.MaxCascades:10]]
[2019.05.15-22.57.25:083][  0]LogConfig: Setting CVar [[r.Shadow.MaxResolution:2048]]
[2019.05.15-22.57.25:083][  0]LogConfig: Setting CVar [[r.Shadow.MaxCSMResolution:2048]]
[2019.05.15-22.57.25:083][  0]LogConfig: Setting CVar [[r.Shadow.RadiusThreshold:0.01]]
[2019.05.15-22.57.25:083][  0]LogConfig: Setting CVar [[r.Shadow.DistanceScale:1.0]]
[2019.05.15-22.57.25:083][  0]LogConfig: Setting CVar [[r.Shadow.CSM.TransitionScale:1.0]]
[2019.05.15-22.57.25:083][  0]LogConfig: Setting CVar [[r.Shadow.PreShadowResolutionFactor:1.0]]
[2019.05.15-22.57.25:083][  0]LogConfig: Setting CVar [[r.DistanceFieldShadowing:1]]
[2019.05.15-22.57.25:083][  0]LogConfig: Setting CVar [[r.DistanceFieldAO:1]]
[2019.05.15-22.57.25:083][  0]LogConfig: Setting CVar [[r.AOQuality:2]]
[2019.05.15-22.57.25:083][  0]LogConfig: Setting CVar [[r.VolumetricFog:1]]
[2019.05.15-22.57.25:083][  0]LogConfig: Setting CVar [[r.VolumetricFog.GridPixelSize:8]]
[2019.05.15-22.57.25:083][  0]LogConfig: Setting CVar [[r.VolumetricFog.GridSizeZ:128]]
[2019.05.15-22.57.25:083][  0]LogConfig: Setting CVar [[r.VolumetricFog.HistoryMissSupersampleCount:4]]
[2019.05.15-22.57.25:083][  0]LogConfig: Setting CVar [[r.LightMaxDrawDistanceScale:1]]
[2019.05.15-22.57.25:083][  0]LogConfig: Setting CVar [[r.CapsuleShadows:1]]
[2019.05.15-22.57.25:083][  0]LogConfig: Applying CVar settings from Section [PostProcessQuality@3] File [C:/Users/Admin/Documents/Unreal Projects/FinalProject/Saved/Config/Windows/Scalability.ini]
[2019.05.15-22.57.25:083][  0]LogConfig: Setting CVar [[r.MotionBlurQuality:4]]
[2019.05.15-22.57.25:083][  0]LogConfig: Setting CVar [[r.AmbientOcclusionMipLevelFactor:0.4]]
[2019.05.15-22.57.25:083][  0]LogConfig: Setting CVar [[r.AmbientOcclusionMaxQuality:100]]
[2019.05.15-22.57.25:083][  0]LogConfig: Setting CVar [[r.AmbientOcclusionLevels:-1]]
[2019.05.15-22.57.25:083][  0]LogConfig: Setting CVar [[r.AmbientOcclusionRadiusScale:1.0]]
[2019.05.15-22.57.25:083][  0]LogConfig: Setting CVar [[r.DepthOfFieldQuality:2]]
[2019.05.15-22.57.25:083][  0]LogConfig: Setting CVar [[r.RenderTargetPoolMin:400]]
[2019.05.15-22.57.25:083][  0]LogConfig: Setting CVar [[r.LensFlareQuality:2]]
[2019.05.15-22.57.25:083][  0]LogConfig: Setting CVar [[r.SceneColorFringeQuality:1]]
[2019.05.15-22.57.25:084][  0]LogConfig: Setting CVar [[r.EyeAdaptationQuality:2]]
[2019.05.15-22.57.25:084][  0]LogConfig: Setting CVar [[r.BloomQuality:5]]
[2019.05.15-22.57.25:084][  0]LogConfig: Setting CVar [[r.FastBlurThreshold:100]]
[2019.05.15-22.57.25:084][  0]LogConfig: Setting CVar [[r.Upscale.Quality:3]]
[2019.05.15-22.57.25:084][  0]LogConfig: Setting CVar [[r.Tonemapper.GrainQuantization:1]]
[2019.05.15-22.57.25:084][  0]LogConfig: Setting CVar [[r.LightShaftQuality:1]]
[2019.05.15-22.57.25:084][  0]LogConfig: Setting CVar [[r.Filter.SizeScale:1]]
[2019.05.15-22.57.25:084][  0]LogConfig: Setting CVar [[r.Tonemapper.Quality:5]]
[2019.05.15-22.57.25:084][  0]LogConfig: Setting CVar [[r.DOF.Gather.AccumulatorQuality:1        ; higher gathering accumulator quality]]
[2019.05.15-22.57.25:084][  0]LogConfig: Setting CVar [[r.DOF.Gather.PostfilterMethod:1          ; Median3x3 postfilering method]]
[2019.05.15-22.57.25:084][  0]LogConfig: Setting CVar [[r.DOF.Gather.EnableBokehSettings:0       ; no bokeh simulation when gathering]]
[2019.05.15-22.57.25:084][  0]LogConfig: Setting CVar [[r.DOF.Gather.RingCount:4                 ; medium number of samples when gathering]]
[2019.05.15-22.57.25:084][  0]LogConfig: Setting CVar [[r.DOF.Scatter.ForegroundCompositing:1    ; additive foreground scattering]]
[2019.05.15-22.57.25:084][  0]LogConfig: Setting CVar [[r.DOF.Scatter.BackgroundCompositing:2    ; additive background scattering]]
[2019.05.15-22.57.25:084][  0]LogConfig: Setting CVar [[r.DOF.Scatter.EnableBokehSettings:1      ; bokeh simulation when scattering]]
[2019.05.15-22.57.25:084][  0]LogConfig: Setting CVar [[r.DOF.Scatter.MaxSpriteRatio:0.1         ; only a maximum of 10% of scattered bokeh]]
[2019.05.15-22.57.25:084][  0]LogConfig: Setting CVar [[r.DOF.Recombine.Quality:1                ; cheap slight out of focus]]
[2019.05.15-22.57.25:084][  0]LogConfig: Setting CVar [[r.DOF.Recombine.EnableBokehSettings:0    ; no bokeh simulation on slight out of focus]]
[2019.05.15-22.57.25:084][  0]LogConfig: Setting CVar [[r.DOF.TemporalAAQuality:1                ; more stable temporal accumulation]]
[2019.05.15-22.57.25:084][  0]LogConfig: Setting CVar [[r.DOF.Kernel.MaxForegroundRadius:0.025]]
[2019.05.15-22.57.25:084][  0]LogConfig: Setting CVar [[r.DOF.Kernel.MaxBackgroundRadius:0.025]]
[2019.05.15-22.57.25:084][  0]LogConfig: Applying CVar settings from Section [TextureQuality@3] File [C:/Users/Admin/Documents/Unreal Projects/FinalProject/Saved/Config/Windows/Scalability.ini]
[2019.05.15-22.57.25:084][  0]LogConfig: Setting CVar [[r.Streaming.MipBias:0]]
[2019.05.15-22.57.25:084][  0]LogConfig: Setting CVar [[r.Streaming.AmortizeCPUToGPUCopy:0]]
[2019.05.15-22.57.25:084][  0]LogConfig: Setting CVar [[r.Streaming.MaxNumTexturesToStreamPerFrame:0]]
[2019.05.15-22.57.25:084][  0]LogConfig: Setting CVar [[r.Streaming.Boost:1]]
[2019.05.15-22.57.25:084][  0]LogConfig: Setting CVar [[r.MaxAnisotropy:8]]
[2019.05.15-22.57.25:084][  0]LogConfig: Setting CVar [[r.Streaming.LimitPoolSizeToVRAM:0]]
[2019.05.15-22.57.25:084][  0]LogConfig: Setting CVar [[r.Streaming.PoolSize:1000]]
[2019.05.15-22.57.25:084][  0]LogConfig: Setting CVar [[r.Streaming.MaxEffectiveScreenSize:0]]
[2019.05.15-22.57.25:084][  0]LogConfig: Applying CVar settings from Section [EffectsQuality@3] File [C:/Users/Admin/Documents/Unreal Projects/FinalProject/Saved/Config/Windows/Scalability.ini]
[2019.05.15-22.57.25:084][  0]LogConfig: Setting CVar [[r.TranslucencyLightingVolumeDim:64]]
[2019.05.15-22.57.25:084][  0]LogConfig: Setting CVar [[r.RefractionQuality:2]]
[2019.05.15-22.57.25:084][  0]LogConfig: Setting CVar [[r.SSR.Quality:3]]
[2019.05.15-22.57.25:084][  0]LogConfig: Setting CVar [[r.SceneColorFormat:4]]
[2019.05.15-22.57.25:084][  0]LogConfig: Setting CVar [[r.DetailMode:2]]
[2019.05.15-22.57.25:084][  0]LogConfig: Setting CVar [[r.TranslucencyVolumeBlur:1]]
[2019.05.15-22.57.25:084][  0]LogConfig: Setting CVar [[r.MaterialQualityLevel:1 ; High quality]]
[2019.05.15-22.57.25:084][  0]LogConfig: Setting CVar [[r.SSS.Scale:1]]
[2019.05.15-22.57.25:084][  0]LogConfig: Setting CVar [[r.SSS.SampleSet:2]]
[2019.05.15-22.57.25:084][  0]LogConfig: Setting CVar [[r.SSS.Quality:1]]
[2019.05.15-22.57.25:084][  0]LogConfig: Setting CVar [[r.SSS.HalfRes:1]]
[2019.05.15-22.57.25:084][  0]LogConfig: Setting CVar [[r.EmitterSpawnRateScale:1.0]]
[2019.05.15-22.57.25:084][  0]LogConfig: Setting CVar [[r.ParticleLightQuality:2]]
[2019.05.15-22.57.25:084][  0]LogConfig: Applying CVar settings from Section [FoliageQuality@3] File [C:/Users/Admin/Documents/Unreal Projects/FinalProject/Saved/Config/Windows/Scalability.ini]
[2019.05.15-22.57.25:084][  0]LogConfig: Setting CVar [[foliage.DensityScale:1.0]]
[2019.05.15-22.57.25:084][  0]LogConfig: Setting CVar [[grass.DensityScale:1.0]]
[2019.05.15-22.57.25:084][  0]LogInit: Selected Device Profile: [Windows]
[2019.05.15-22.57.25:084][  0]LogInit: Applying CVar settings loaded from the selected device profile: [Windows]
[2019.05.15-22.57.25:103][  0]LogHAL: Display: Platform has ~ 16 GB [17024585728 / 17179869184 / 16], which maps to Larger [LargestMinGB=32, LargerMinGB=12, DefaultMinGB=8, SmallerMinGB=6, SmallestMinGB=0)
[2019.05.15-22.57.25:103][  0]LogConfig: Setting CVar [[r.Vulkan.UseRealUBs:0		; Required until we fix HLR fall-out]]
[2019.05.15-22.57.25:103][  0]LogInit: Going up to parent DeviceProfile []
[2019.05.15-22.57.25:104][  0]LogConfig: Applying CVar settings from Section [ViewDistanceQuality@3] File [C:/Users/Admin/Documents/Unreal Projects/FinalProject/Saved/Config/Windows/Scalability.ini]
[2019.05.15-22.57.25:104][  0]LogConfig: Setting CVar [[r.SkeletalMeshLODBias:0]]
[2019.05.15-22.57.25:104][  0]LogConfig: Setting CVar [[r.ViewDistanceScale:1.0]]
[2019.05.15-22.57.25:104][  0]LogConfig: Applying CVar settings from Section [AntiAliasingQuality@3] File [C:/Users/Admin/Documents/Unreal Projects/FinalProject/Saved/Config/Windows/Scalability.ini]
[2019.05.15-22.57.25:104][  0]LogConfig: Setting CVar [[r.PostProcessAAQuality:4]]
[2019.05.15-22.57.25:104][  0]LogConfig: Applying CVar settings from Section [ShadowQuality@3] File [C:/Users/Admin/Documents/Unreal Projects/FinalProject/Saved/Config/Windows/Scalability.ini]
[2019.05.15-22.57.25:104][  0]LogConfig: Setting CVar [[r.LightFunctionQuality:1]]
[2019.05.15-22.57.25:104][  0]LogConfig: Setting CVar [[r.ShadowQuality:5]]
[2019.05.15-22.57.25:104][  0]LogConfig: Setting CVar [[r.Shadow.CSM.MaxCascades:10]]
[2019.05.15-22.57.25:104][  0]LogConfig: Setting CVar [[r.Shadow.MaxResolution:2048]]
[2019.05.15-22.57.25:104][  0]LogConfig: Setting CVar [[r.Shadow.MaxCSMResolution:2048]]
[2019.05.15-22.57.25:104][  0]LogConfig: Setting CVar [[r.Shadow.RadiusThreshold:0.01]]
[2019.05.15-22.57.25:104][  0]LogConfig: Setting CVar [[r.Shadow.DistanceScale:1.0]]
[2019.05.15-22.57.25:104][  0]LogConfig: Setting CVar [[r.Shadow.CSM.TransitionScale:1.0]]
[2019.05.15-22.57.25:104][  0]LogConfig: Setting CVar [[r.Shadow.PreShadowResolutionFactor:1.0]]
[2019.05.15-22.57.25:104][  0]LogConfig: Setting CVar [[r.DistanceFieldShadowing:1]]
[2019.05.15-22.57.25:104][  0]LogConfig: Setting CVar [[r.DistanceFieldAO:1]]
[2019.05.15-22.57.25:104][  0]LogConfig: Setting CVar [[r.AOQuality:2]]
[2019.05.15-22.57.25:104][  0]LogConfig: Setting CVar [[r.VolumetricFog:1]]
[2019.05.15-22.57.25:104][  0]LogConfig: Setting CVar [[r.VolumetricFog.GridPixelSize:8]]
[2019.05.15-22.57.25:104][  0]LogConfig: Setting CVar [[r.VolumetricFog.GridSizeZ:128]]
[2019.05.15-22.57.25:104][  0]LogConfig: Setting CVar [[r.VolumetricFog.HistoryMissSupersampleCount:4]]
[2019.05.15-22.57.25:104][  0]LogConfig: Setting CVar [[r.LightMaxDrawDistanceScale:1]]
[2019.05.15-22.57.25:104][  0]LogConfig: Setting CVar [[r.CapsuleShadows:1]]
[2019.05.15-22.57.25:104][  0]LogConfig: Applying CVar settings from Section [PostProcessQuality@3] File [C:/Users/Admin/Documents/Unreal Projects/FinalProject/Saved/Config/Windows/Scalability.ini]
[2019.05.15-22.57.25:104][  0]LogConfig: Setting CVar [[r.MotionBlurQuality:4]]
[2019.05.15-22.57.25:104][  0]LogConfig: Setting CVar [[r.AmbientOcclusionMipLevelFactor:0.4]]
[2019.05.15-22.57.25:104][  0]LogConfig: Setting CVar [[r.AmbientOcclusionMaxQuality:100]]
[2019.05.15-22.57.25:104][  0]LogConfig: Setting CVar [[r.AmbientOcclusionLevels:-1]]
[2019.05.15-22.57.25:104][  0]LogConfig: Setting CVar [[r.AmbientOcclusionRadiusScale:1.0]]
[2019.05.15-22.57.25:104][  0]LogConfig: Setting CVar [[r.DepthOfFieldQuality:2]]
[2019.05.15-22.57.25:104][  0]LogConfig: Setting CVar [[r.RenderTargetPoolMin:400]]
[2019.05.15-22.57.25:104][  0]LogConfig: Setting CVar [[r.LensFlareQuality:2]]
[2019.05.15-22.57.25:104][  0]LogConfig: Setting CVar [[r.SceneColorFringeQuality:1]]
[2019.05.15-22.57.25:104][  0]LogConfig: Setting CVar [[r.EyeAdaptationQuality:2]]
[2019.05.15-22.57.25:104][  0]LogConfig: Setting CVar [[r.BloomQuality:5]]
[2019.05.15-22.57.25:104][  0]LogConfig: Setting CVar [[r.FastBlurThreshold:100]]
[2019.05.15-22.57.25:104][  0]LogConfig: Setting CVar [[r.Upscale.Quality:3]]
[2019.05.15-22.57.25:104][  0]LogConfig: Setting CVar [[r.Tonemapper.GrainQuantization:1]]
[2019.05.15-22.57.25:104][  0]LogConfig: Setting CVar [[r.LightShaftQuality:1]]
[2019.05.15-22.57.25:104][  0]LogConfig: Setting CVar [[r.Filter.SizeScale:1]]
[2019.05.15-22.57.25:104][  0]LogConfig: Setting CVar [[r.Tonemapper.Quality:5]]
[2019.05.15-22.57.25:104][  0]LogConfig: Setting CVar [[r.DOF.Gather.AccumulatorQuality:1        ; higher gathering accumulator quality]]
[2019.05.15-22.57.25:104][  0]LogConfig: Setting CVar [[r.DOF.Gather.PostfilterMethod:1          ; Median3x3 postfilering method]]
[2019.05.15-22.57.25:104][  0]LogConfig: Setting CVar [[r.DOF.Gather.EnableBokehSettings:0       ; no bokeh simulation when gathering]]
[2019.05.15-22.57.25:104][  0]LogConfig: Setting CVar [[r.DOF.Gather.RingCount:4                 ; medium number of samples when gathering]]
[2019.05.15-22.57.25:104][  0]LogConfig: Setting CVar [[r.DOF.Scatter.ForegroundCompositing:1    ; additive foreground scattering]]
[2019.05.15-22.57.25:104][  0]LogConfig: Setting CVar [[r.DOF.Scatter.BackgroundCompositing:2    ; additive background scattering]]
[2019.05.15-22.57.25:104][  0]LogConfig: Setting CVar [[r.DOF.Scatter.EnableBokehSettings:1      ; bokeh simulation when scattering]]
[2019.05.15-22.57.25:104][  0]LogConfig: Setting CVar [[r.DOF.Scatter.MaxSpriteRatio:0.1         ; only a maximum of 10% of scattered bokeh]]
[2019.05.15-22.57.25:104][  0]LogConfig: Setting CVar [[r.DOF.Recombine.Quality:1                ; cheap slight out of focus]]
[2019.05.15-22.57.25:104][  0]LogConfig: Setting CVar [[r.DOF.Recombine.EnableBokehSettings:0    ; no bokeh simulation on slight out of focus]]
[2019.05.15-22.57.25:104][  0]LogConfig: Setting CVar [[r.DOF.TemporalAAQuality:1                ; more stable temporal accumulation]]
[2019.05.15-22.57.25:104][  0]LogConfig: Setting CVar [[r.DOF.Kernel.MaxForegroundRadius:0.025]]
[2019.05.15-22.57.25:104][  0]LogConfig: Setting CVar [[r.DOF.Kernel.MaxBackgroundRadius:0.025]]
[2019.05.15-22.57.25:104][  0]LogConfig: Applying CVar settings from Section [TextureQuality@3] File [C:/Users/Admin/Documents/Unreal Projects/FinalProject/Saved/Config/Windows/Scalability.ini]
[2019.05.15-22.57.25:104][  0]LogConfig: Setting CVar [[r.Streaming.MipBias:0]]
[2019.05.15-22.57.25:104][  0]LogConfig: Setting CVar [[r.Streaming.AmortizeCPUToGPUCopy:0]]
[2019.05.15-22.57.25:104][  0]LogConfig: Setting CVar [[r.Streaming.MaxNumTexturesToStreamPerFrame:0]]
[2019.05.15-22.57.25:104][  0]LogConfig: Setting CVar [[r.Streaming.Boost:1]]
[2019.05.15-22.57.25:104][  0]LogConfig: Setting CVar [[r.MaxAnisotropy:8]]
[2019.05.15-22.57.25:104][  0]LogConfig: Setting CVar [[r.Streaming.LimitPoolSizeToVRAM:0]]
[2019.05.15-22.57.25:104][  0]LogConfig: Setting CVar [[r.Streaming.PoolSize:1000]]
[2019.05.15-22.57.25:104][  0]LogConfig: Setting CVar [[r.Streaming.MaxEffectiveScreenSize:0]]
[2019.05.15-22.57.25:104][  0]LogConfig: Applying CVar settings from Section [EffectsQuality@3] File [C:/Users/Admin/Documents/Unreal Projects/FinalProject/Saved/Config/Windows/Scalability.ini]
[2019.05.15-22.57.25:104][  0]LogConfig: Setting CVar [[r.TranslucencyLightingVolumeDim:64]]
[2019.05.15-22.57.25:104][  0]LogConfig: Setting CVar [[r.RefractionQuality:2]]
[2019.05.15-22.57.25:104][  0]LogConfig: Setting CVar [[r.SSR.Quality:3]]
[2019.05.15-22.57.25:104][  0]LogConfig: Setting CVar [[r.SceneColorFormat:4]]
[2019.05.15-22.57.25:104][  0]LogConfig: Setting CVar [[r.DetailMode:2]]
[2019.05.15-22.57.25:104][  0]LogConfig: Setting CVar [[r.TranslucencyVolumeBlur:1]]
[2019.05.15-22.57.25:104][  0]LogConfig: Setting CVar [[r.MaterialQualityLevel:1 ; High quality]]
[2019.05.15-22.57.25:104][  0]LogConfig: Setting CVar [[r.SSS.Scale:1]]
[2019.05.15-22.57.25:104][  0]LogConfig: Setting CVar [[r.SSS.SampleSet:2]]
[2019.05.15-22.57.25:104][  0]LogConfig: Setting CVar [[r.SSS.Quality:1]]
[2019.05.15-22.57.25:104][  0]LogConfig: Setting CVar [[r.SSS.HalfRes:1]]
[2019.05.15-22.57.25:104][  0]LogConfig: Setting CVar [[r.EmitterSpawnRateScale:1.0]]
[2019.05.15-22.57.25:104][  0]LogConfig: Setting CVar [[r.ParticleLightQuality:2]]
[2019.05.15-22.57.25:104][  0]LogConfig: Applying CVar settings from Section [FoliageQuality@3] File [C:/Users/Admin/Documents/Unreal Projects/FinalProject/Saved/Config/Windows/Scalability.ini]
[2019.05.15-22.57.25:104][  0]LogConfig: Setting CVar [[foliage.DensityScale:1.0]]
[2019.05.15-22.57.25:104][  0]LogConfig: Setting CVar [[grass.DensityScale:1.0]]
[2019.05.15-22.57.25:104][  0]LogConfig: Applying CVar settings from Section [Startup] File [../../../Engine/Config/ConsoleVariables.ini]
[2019.05.15-22.57.25:105][  0]LogConfig: Setting CVar [[net.UseAdaptiveNetUpdateFrequency:0]]
[2019.05.15-22.57.25:105][  0]LogConfig: Setting CVar [[p.chaos.AllowCreatePhysxBodies:1]]
[2019.05.15-22.57.25:105][  0]LogConfig: Applying CVar settings from Section [ConsoleVariables] File [C:/Users/Admin/Documents/Unreal Projects/FinalProject/Saved/Config/Windows/Engine.ini]
[2019.05.15-22.57.25:105][  0]LogInit: Computer: AIDENPC
[2019.05.15-22.57.25:105][  0]LogInit: User: Admin
[2019.05.15-22.57.25:105][  0]LogInit: CPU Page size=4096, Cores=4
[2019.05.15-22.57.25:105][  0]LogInit: High frequency timer resolution =2.742189 MHz
[2019.05.15-22.57.25:105][  0]LogMemory: Memory total: Physical=15.9GB (16GB approx)
[2019.05.15-22.57.25:105][  0]LogMemory: Platform Memory Stats for Windows
[2019.05.15-22.57.25:105][  0]LogMemory: Process Physical Memory: 100.26 MB used, 100.26 MB peak
[2019.05.15-22.57.25:105][  0]LogMemory: Process Virtual Memory: 88.92 MB used, 88.92 MB peak
[2019.05.15-22.57.25:105][  0]LogMemory: Physical Memory: 6789.79 MB used,  9446.12 MB free, 16235.91 MB total
[2019.05.15-22.57.25:105][  0]LogMemory: Virtual Memory: 4659.66 MB used,  134213072.00 MB free, 134217728.00 MB total
[2019.05.15-22.57.25:220][  0]LogInit: Using OS detected language (en-US).
[2019.05.15-22.57.25:220][  0]LogInit: Using OS detected locale (en-US).
[2019.05.15-22.57.25:221][  0]LogTextLocalizationManager: No specific localization for 'en-US' exists, so the 'en' localization will be used.
[2019.05.15-22.57.25:456][  0]LogInit: Setting process to per monitor DPI aware
[2019.05.15-22.57.25:519][  0]LogSlate: New Slate User Created.  User Index 0, Is Virtual User: 0
[2019.05.15-22.57.25:520][  0]LogSlate: Slate User Registered.  User Index 0, Is Virtual User: 0
[2019.05.15-22.57.27:638][  0]LogHMD: Failed to initialize OpenVR with code 110
[2019.05.15-22.57.27:638][  0]LogD3D11RHI: D3D11 adapters:
[2019.05.15-22.57.28:668][  0]LogD3D11RHI:    0. 'NVIDIA GeForce GTX 1050' (Feature Level 11_0)
[2019.05.15-22.57.28:668][  0]LogD3D11RHI:       4021/0/8117 MB DedicatedVideo/DedicatedSystem/SharedSystem, Outputs:1, VendorId:0x10de
[2019.05.15-22.57.28:695][  0]LogD3D11RHI:    1. 'Intel(R) HD Graphics 630' (Feature Level 11_0)
[2019.05.15-22.57.28:695][  0]LogD3D11RHI:       128/0/8117 MB DedicatedVideo/DedicatedSystem/SharedSystem, Outputs:0, VendorId:0x8086
[2019.05.15-22.57.28:700][  0]LogD3D11RHI:    2. 'Microsoft Basic Render Driver' (Feature Level 11_0)
[2019.05.15-22.57.28:700][  0]LogD3D11RHI:       0/0/8117 MB DedicatedVideo/DedicatedSystem/SharedSystem, Outputs:0, VendorId:0x1414
[2019.05.15-22.57.28:700][  0]LogD3D11RHI: Chosen D3D11 Adapter: 0
[2019.05.15-22.57.28:737][  0]LogD3D11RHI: Creating new Direct3DDevice
[2019.05.15-22.57.28:737][  0]LogD3D11RHI:     GPU DeviceId: 0x1c8d (for the marketing name, search the web for "GPU Device Id")
[2019.05.15-22.57.28:737][  0]LogWindows: EnumDisplayDevices:
[2019.05.15-22.57.28:738][  0]LogWindows:    0. 'Intel(R) HD Graphics 630' (P:1 D:1)
[2019.05.15-22.57.28:738][  0]LogWindows:    1. 'Intel(R) HD Graphics 630' (P:0 D:0)
[2019.05.15-22.57.28:738][  0]LogWindows:    2. 'Intel(R) HD Graphics 630' (P:0 D:0)
[2019.05.15-22.57.28:739][  0]LogWindows: DebugString: PrimaryIsNotTheChoosenAdapter PrimaryIsNotTheChoosenAdapter PrimaryIsNotTheChoosenAdapter FoundDriverCount:0 
[2019.05.15-22.57.28:739][  0]LogD3D11RHI:     Adapter Name: NVIDIA GeForce GTX 1050
[2019.05.15-22.57.28:739][  0]LogD3D11RHI:   Driver Version: Unknown (internal:Unknown, unified:Unknown)
[2019.05.15-22.57.28:739][  0]LogD3D11RHI:      Driver Date: Unknown
[2019.05.15-22.57.28:739][  0]LogRHI: Texture pool is 2814 MB (70% of 4021 MB)
[2019.05.15-22.57.28:801][  0]LogD3D11RHI: Async texture creation enabled
[2019.05.15-22.57.28:805][  0]LogRendererCore: FGlobalReadBuffer::InitRHI
[2019.05.15-22.57.28:806][  0]LogRendererCore: FGlobalReadBuffer::InitRHI
[2019.05.15-22.57.28:806][  0]LogRendererCore: FGlobalReadBuffer::InitRHI
[2019.05.15-22.57.28:820][  0]LogD3D11RHI: GPU Timing Frequency: 1000.000000 (Debug: 2 2)
[2019.05.15-22.57.29:372][  0]LogTemp: Display: Module 'AllDesktopTargetPlatform' loaded TargetPlatform 'AllDesktop'
[2019.05.15-22.57.29:396][  0]LogTemp: Display: Module 'MacClientTargetPlatform' loaded TargetPlatform 'MacClient'
[2019.05.15-22.57.29:420][  0]LogTemp: Display: Module 'MacNoEditorTargetPlatform' loaded TargetPlatform 'MacNoEditor'
[2019.05.15-22.57.29:444][  0]LogTemp: Display: Module 'MacServerTargetPlatform' loaded TargetPlatform 'MacServer'
[2019.05.15-22.57.29:473][  0]LogTemp: Display: Module 'MacTargetPlatform' loaded TargetPlatform 'Mac'
[2019.05.15-22.57.29:499][  0]LogTemp: Display: Module 'WindowsClientTargetPlatform' loaded TargetPlatform 'WindowsClient'
[2019.05.15-22.57.29:523][  0]LogTemp: Display: Module 'WindowsNoEditorTargetPlatform' loaded TargetPlatform 'WindowsNoEditor'
[2019.05.15-22.57.29:546][  0]LogTemp: Display: Module 'WindowsServerTargetPlatform' loaded TargetPlatform 'WindowsServer'
[2019.05.15-22.57.29:556][  0]LogTemp: Display: Module 'WindowsTargetPlatform' loaded TargetPlatform 'Windows'
[2019.05.15-22.57.29:695][  0]LogTemp: Display: Module 'AndroidTargetPlatform' loaded TargetPlatform 'Android'
[2019.05.15-22.57.29:695][  0]LogTemp: Display: Module 'AndroidTargetPlatform' loaded TargetPlatform 'Android_ASTC'
[2019.05.15-22.57.29:695][  0]LogTemp: Display: Module 'AndroidTargetPlatform' loaded TargetPlatform 'Android_ATC'
[2019.05.15-22.57.29:695][  0]LogTemp: Display: Module 'AndroidTargetPlatform' loaded TargetPlatform 'Android_DXT'
[2019.05.15-22.57.29:695][  0]LogTemp: Display: Module 'AndroidTargetPlatform' loaded TargetPlatform 'Android_ETC1'
[2019.05.15-22.57.29:695][  0]LogTemp: Display: Module 'AndroidTargetPlatform' loaded TargetPlatform 'Android_ETC1a'
[2019.05.15-22.57.29:695][  0]LogTemp: Display: Module 'AndroidTargetPlatform' loaded TargetPlatform 'Android_ETC2'
[2019.05.15-22.57.29:695][  0]LogTemp: Display: Module 'AndroidTargetPlatform' loaded TargetPlatform 'Android_PVRTC'
[2019.05.15-22.57.29:695][  0]LogTemp: Display: Module 'AndroidTargetPlatform' loaded TargetPlatform 'AndroidClient'
[2019.05.15-22.57.29:695][  0]LogTemp: Display: Module 'AndroidTargetPlatform' loaded TargetPlatform 'Android_ASTCClient'
[2019.05.15-22.57.29:695][  0]LogTemp: Display: Module 'AndroidTargetPlatform' loaded TargetPlatform 'Android_ATCClient'
[2019.05.15-22.57.29:695][  0]LogTemp: Display: Module 'AndroidTargetPlatform' loaded TargetPlatform 'Android_DXTClient'
[2019.05.15-22.57.29:695][  0]LogTemp: Display: Module 'AndroidTargetPlatform' loaded TargetPlatform 'Android_ETC1Client'
[2019.05.15-22.57.29:695][  0]LogTemp: Display: Module 'AndroidTargetPlatform' loaded TargetPlatform 'Android_ETC1aClient'
[2019.05.15-22.57.29:695][  0]LogTemp: Display: Module 'AndroidTargetPlatform' loaded TargetPlatform 'Android_ETC2Client'
[2019.05.15-22.57.29:695][  0]LogTemp: Display: Module 'AndroidTargetPlatform' loaded TargetPlatform 'Android_PVRTCClient'
[2019.05.15-22.57.29:695][  0]LogTemp: Display: Module 'AndroidTargetPlatform' loaded TargetPlatform 'Android_Multi'
[2019.05.15-22.57.29:695][  0]LogTemp: Display: Module 'AndroidTargetPlatform' loaded TargetPlatform 'Android_MultiClient'
[2019.05.15-22.57.29:698][  0]LogTemp: Display: Module 'HTML5TargetPlatform' loaded TargetPlatform 'HTML5'
[2019.05.15-22.57.29:772][  0]LogTemp: Display: Module 'IOSTargetPlatform' loaded TargetPlatform 'IOSClient'
[2019.05.15-22.57.29:772][  0]LogTemp: Display: Module 'IOSTargetPlatform' loaded TargetPlatform 'IOS'
[2019.05.15-22.57.29:807][  0]LogTemp: Display: Module 'TVOSTargetPlatform' loaded TargetPlatform 'TVOSClient'
[2019.05.15-22.57.29:807][  0]LogTemp: Display: Module 'TVOSTargetPlatform' loaded TargetPlatform 'TVOS'
[2019.05.15-22.57.29:825][  0]LogTemp: Display: Module 'LinuxClientTargetPlatform' loaded TargetPlatform 'LinuxClient'
[2019.05.15-22.57.29:844][  0]LogTemp: Display: Module 'LinuxNoEditorTargetPlatform' loaded TargetPlatform 'LinuxNoEditor'
[2019.05.15-22.57.29:861][  0]LogTemp: Display: Module 'LinuxServerTargetPlatform' loaded TargetPlatform 'LinuxServer'
[2019.05.15-22.57.29:889][  0]LogTemp: Display: Module 'LinuxTargetPlatform' loaded TargetPlatform 'Linux'
[2019.05.15-22.57.29:959][  0]LogTemp: Display: Module 'LuminTargetPlatform' loaded TargetPlatform 'Lumin'
[2019.05.15-22.57.29:959][  0]LogTemp: Display: Module 'LuminTargetPlatform' loaded TargetPlatform 'LuminClient'
[2019.05.15-22.57.29:959][  0]LogTargetPlatformManager: Display: Building Assets For Windows
[2019.05.15-22.57.30:005][  0]LogAudioDebug: Display: Lib vorbis DLL was dynamically loaded.
[2019.05.15-22.57.30:104][  0]LogShaderCompilers: Guid format shader working directory is -23 characters bigger than the processId version (../../../../../../Users/Admin/Documents/Unreal Projects/FinalProject/Intermediate/Shaders/WorkingDirectory/17088/).
[2019.05.15-22.57.30:104][  0]LogShaderCompilers: Cleaned the shader compiler working directory 'C:/Users/Admin/AppData/Local/Temp/UnrealShaderWorkingDir/0BBDB792421B96CC9F74FBB5EC8F6BE8/'.
[2019.05.15-22.57.30:108][  0]LogXGEController: Cleaning working directory: C:/Users/Admin/AppData/Local/Temp/UnrealXGEWorkingDir/
[2019.05.15-22.57.30:108][  0]LogXGEController: Cannot use XGE Controller as Incredibuild is not installed on this machine.
[2019.05.15-22.57.30:108][  0]LogShaderCompilers: Cannot use XGE Shader Compiler as Incredibuild is not installed on this machine.
[2019.05.15-22.57.30:108][  0]LogShaderCompilers: Display: Using Local Shader Compiler.
[2019.05.15-22.57.32:852][  0]LogDerivedDataCache: Display: Max Cache Size: 512 MB
[2019.05.15-22.57.33:019][  0]LogDerivedDataCache: Loaded boot cache 0.17s 74MB C:/Users/Admin/AppData/Local/UnrealEngine/4.22/DerivedDataCache/Boot.ddc.
[2019.05.15-22.57.33:019][  0]LogDerivedDataCache: Display: Loaded Boot cache: C:/Users/Admin/AppData/Local/UnrealEngine/4.22/DerivedDataCache/Boot.ddc
[2019.05.15-22.57.33:019][  0]LogDerivedDataCache: FDerivedDataBackendGraph:  Pak pak cache file ../../../../../../Users/Admin/Documents/Unreal Projects/FinalProject/DerivedDataCache/DDC.ddp not found, will not use a pak cache.
[2019.05.15-22.57.33:019][  0]LogDerivedDataCache: Unable to find inner node Pak for hierarchical cache Hierarchy.
[2019.05.15-22.57.33:020][  0]LogDerivedDataCache: FDerivedDataBackendGraph:  CompressedPak pak cache file ../../../../../../Users/Admin/Documents/Unreal Projects/FinalProject/DerivedDataCache/Compressed.ddp not found, will not use a pak cache.
[2019.05.15-22.57.33:020][  0]LogDerivedDataCache: Unable to find inner node CompressedPak for hierarchical cache Hierarchy.
[2019.05.15-22.57.33:090][  0]LogDerivedDataCache: Display: Pak cache opened for reading ../../../Engine/DerivedDataCache/Compressed.ddp.
[2019.05.15-22.57.33:118][  0]LogDerivedDataCache: Display: Pak cache opened for reading ../../../Enterprise/DerivedDataCache/Compressed.ddp.
[2019.05.15-22.57.33:133][  0]LogDerivedDataCache: Using Local data cache path C:/Users/Admin/AppData/Local/UnrealEngine/Common/DerivedDataCache: Writable
[2019.05.15-22.57.33:133][  0]LogDerivedDataCache: Shared data cache path not found in *engine.ini, will not use an Shared cache.
[2019.05.15-22.57.33:133][  0]LogDerivedDataCache: Unable to find inner node Shared for hierarchical cache Hierarchy.
[2019.05.15-22.57.33:240][  0]LogMaterial: Verifying Global Shaders for PCD3D_SM5
[2019.05.15-22.57.33:244][  0]LogSlate: Using FreeType 2.6.0
[2019.05.15-22.57.33:288][  0]LogSlate: SlateFontServices - WITH_FREETYPE: 1, WITH_HARFBUZZ: 1
[2019.05.15-22.57.34:181][  0]LogAssetRegistry: FAssetRegistry took 0.0722 seconds to start up
[2019.05.15-22.57.35:181][  0]LogInit: Selected Device Profile: [Windows]
[2019.05.15-22.57.35:687][  0]LogMeshReduction: Using QuadricMeshReduction for automatic static mesh reduction
[2019.05.15-22.57.35:687][  0]LogMeshReduction: Using SimplygonMeshReduction for automatic skeletal mesh reduction
[2019.05.15-22.57.35:687][  0]LogMeshReduction: Using ProxyLODMeshReduction for automatic mesh merging
[2019.05.15-22.57.35:687][  0]LogMeshReduction: No distributed automatic mesh merging module available
[2019.05.15-22.57.35:687][  0]LogMeshMerging: No distributed automatic mesh merging module available
[2019.05.15-22.57.35:756][  0]LogNetVersion: FinalProject 1.0.0, NetCL: 5660361, EngineNetVer: 10, GameNetVer: 0 (Checksum: 1780545774)
[2019.05.15-22.57.37:215][  0]LogPackageLocalizationCache: Processed 16 localized package path(s) for 1 prioritized culture(s) in 0.143378 seconds
[2019.05.15-22.57.37:226][  0]LogUObjectArray: 42205 objects as part of root set at end of initial load.
[2019.05.15-22.57.37:227][  0]LogUObjectAllocator: 7325032 out of 0 bytes used by permanent object pool.
[2019.05.15-22.57.37:227][  0]LogUObjectArray: CloseDisregardForGC: 0/0 objects in disregard for GC pool
[2019.05.15-22.57.45:214][  0]LogTcpMessaging: Initializing TcpMessaging bridge
[2019.05.15-22.57.45:233][  0]LogUdpMessaging: Initializing bridge on interface 0.0.0.0:0 to multicast group 230.0.0.1:6666.
[2019.05.15-22.57.46:581][  0]SourceControl: Source control is disabled
[2019.05.15-22.57.46:581][  0]SourceControl: Source control is disabled
[2019.05.15-22.57.46:588][  0]SourceControl: Source control is disabled
[2019.05.15-22.57.46:593][  0]SourceControl: Source control is disabled
[2019.05.15-22.57.47:263][  0]LogAndroidPermission: UAndroidPermissionCallbackProxy::GetInstance
[2019.05.15-22.57.47:537][  0]LogOcInput: OculusInput pre-init called
[2019.05.15-22.57.53:943][  0]LogEngine: Initializing Engine...
[2019.05.15-22.57.53:945][  0]LogHMD: Failed to initialize OpenVR with code 110
[2019.05.15-22.57.53:947][  0]LogStats: UGameplayTagsManager::InitializeManager -  0.000 s
[2019.05.15-22.57.54:754][  0]LogInit: Initializing FReadOnlyCVARCache
[2019.05.15-22.57.54:795][  0]LogAIModule: Creating AISystem for world Untitled
[2019.05.15-22.57.55:014][  0]LogInit: XAudio2 using 'Speakers / Headphones (Realtek Audio)' : 2 channels at 48 kHz using 32 bits per sample (channel mask 0x3)
[2019.05.15-22.57.55:060][  0]LogInit: FAudioDevice initialized.
[2019.05.15-22.57.55:060][  0]LogNetVersion: Set ProjectVersion to 1.0.0.0. Version Checksum will be recalculated on next use.
[2019.05.15-22.57.55:159][  0]LogDerivedDataCache: Saved boot cache 0.10s 74MB C:/Users/Admin/AppData/Local/UnrealEngine/4.22/DerivedDataCache/Boot.ddc.
[2019.05.15-22.57.55:185][  0]LogInit: Texture streaming: Enabled
[2019.05.15-22.57.55:235][  0]LogEngineSessionManager: EngineSessionManager initialized
[2019.05.15-22.57.55:235][  0]LogEngineSessionManager: EngineSessionManager sent abnormal shutdown report. Type=Crashed, SessionId={F5FE3898-48DE-5739-7366-55AD78EC0221}
[2019.05.15-22.57.55:291][  0]LogInit: Transaction tracking system initialized
[2019.05.15-22.57.55:380][  0]BlueprintLog: New page: Editor Load
[2019.05.15-22.57.55:752][  0]LocalizationService: Localization service is disabled
[2019.05.15-22.57.57:454][  0]LogFileCache: Scanning file cache for directory 'C:/Users/Admin/Documents/Unreal Projects/FinalProject/Content/' took 0.04s
[2019.05.15-22.57.57:454][  0]LogCook: Display: Max memory allowance for cook 16384mb min free memory 0mb
[2019.05.15-22.57.57:455][  0]LogCook: Display: Mobile HDR setting 1
[2019.05.15-22.58.02:343][  0]SourceControl: Source control is disabled
[2019.05.15-22.58.02:343][  0]Cmd: MAP LOAD FILE="../../../../../../Users/Admin/Documents/Unreal Projects/FinalProject/Content/FlyingCPP/Maps/FlyingExampleMap.umap" TEMPLATE=0 SHOWPROGRESS=1 FEATURELEVEL=3
[2019.05.15-22.58.02:351][  0]LightingResults: New page: Lighting Build
[2019.05.15-22.58.02:357][  0]MapCheck: New page: Map Check
[2019.05.15-22.58.02:357][  0]LightingResults: New page: Lighting Build
[2019.05.15-22.58.02:423][  0]LogUObjectHash: Compacting FUObjectHashTables data took   3.58ms
[2019.05.15-22.58.02:918][  0]LogAIModule: Creating AISystem for world FlyingExampleMap
[2019.05.15-22.58.02:963][  0]LogEditorServer: Finished looking for orphan Actors (0.000 secs)
[2019.05.15-22.58.03:045][  0]LogUObjectHash: Compacting FUObjectHashTables data took   5.07ms
[2019.05.15-22.58.03:046][  0]Cmd: MAP CHECKDEP NOCLEARLOG
[2019.05.15-22.58.03:046][  0]MapCheck: Map check complete: 0 Error(s), 0 Warning(s), took 0.379ms to complete.
[2019.05.15-22.58.03:046][  0]LogFileHelpers: Loading map 'FlyingExampleMap' took 0.703
[2019.05.15-22.58.03:297][  0]LogSlate: Updating window title bar state: overlay mode, drag disabled, window buttons hidden, title bar hidden
[2019.05.15-22.58.03:317][  0]LogSlate: Updating window title bar state: overlay mode, drag disabled, window buttons hidden, title bar hidden
[2019.05.15-22.58.03:338][  0]LogSlate: Updating window title bar state: overlay mode, drag disabled, window buttons hidden, title bar hidden
[2019.05.15-22.58.03:357][  0]LogSlate: Updating window title bar state: overlay mode, drag disabled, window buttons hidden, title bar hidden
[2019.05.15-22.58.03:382][  0]LogCollectionManager: Loaded 0 collections in 0.004944 seconds
[2019.05.15-22.58.03:406][  0]LogFileCache: Scanning file cache for directory 'C:/Users/Admin/Documents/Unreal Projects/FinalProject/Saved/Collections/' took 0.01s
[2019.05.15-22.58.03:406][  0]LogFileCache: Scanning file cache for directory 'C:/Users/Admin/Documents/Unreal Projects/FinalProject/Content/Developers/Admin/Collections/' took 0.00s
[2019.05.15-22.58.03:406][  0]LogFileCache: Scanning file cache for directory 'C:/Users/Admin/Documents/Unreal Projects/FinalProject/Content/Collections/' took 0.00s
[2019.05.15-22.58.03:406][  0]LogCollectionManager: Rebuilt the GUID cache for 0 collections in 0.000001 seconds
[2019.05.15-22.58.03:430][  0]LogContentBrowser: Native class hierarchy populated in 0.0236 seconds. Added 2868 classes and 728 folders.
[2019.05.15-22.58.03:448][  0]LogContentBrowser: Native class hierarchy updated for 'WidgetCarousel' in 0.0008 seconds. Added 0 classes and 0 folders.
[2019.05.15-22.58.03:465][  0]LogPakFile: Registered encryption key '00000000000000000000000000000000': 0 pak files mounted, 0 remain pending
[2019.05.15-22.58.03:479][  0]LogPakFile: Registered encryption key '00000000000000000000000000000000': 0 pak files mounted, 0 remain pending
[2019.05.15-22.58.03:514][  0]LogPakFile: Registered encryption key '00000000000000000000000000000000': 0 pak files mounted, 0 remain pending
[2019.05.15-22.58.03:525][  0]LogPakFile: Registered encryption key '00000000000000000000000000000000': 0 pak files mounted, 0 remain pending
[2019.05.15-22.58.03:535][  0]LogPakFile: Registered encryption key '00000000000000000000000000000000': 0 pak files mounted, 0 remain pending
[2019.05.15-22.58.03:545][  0]LogPakFile: Registered encryption key '00000000000000000000000000000000': 0 pak files mounted, 0 remain pending
[2019.05.15-22.58.03:555][  0]LogPakFile: Registered encryption key '00000000000000000000000000000000': 0 pak files mounted, 0 remain pending
[2019.05.15-22.58.03:565][  0]LogPakFile: Registered encryption key '00000000000000000000000000000000': 0 pak files mounted, 0 remain pending
[2019.05.15-22.58.03:577][  0]LogPakFile: Registered encryption key '00000000000000000000000000000000': 0 pak files mounted, 0 remain pending
[2019.05.15-22.58.03:593][  0]LogPakFile: Registered encryption key '00000000000000000000000000000000': 0 pak files mounted, 0 remain pending
[2019.05.15-22.58.03:604][  0]LogPakFile: Registered encryption key '00000000000000000000000000000000': 0 pak files mounted, 0 remain pending
[2019.05.15-22.58.03:614][  0]LogPakFile: Registered encryption key '00000000000000000000000000000000': 0 pak files mounted, 0 remain pending
[2019.05.15-22.58.03:625][  0]LogPakFile: Registered encryption key '00000000000000000000000000000000': 0 pak files mounted, 0 remain pending
[2019.05.15-22.58.03:635][  0]LogPakFile: Registered encryption key '00000000000000000000000000000000': 0 pak files mounted, 0 remain pending
[2019.05.15-22.58.03:646][  0]LogPakFile: Registered encryption key '00000000000000000000000000000000': 0 pak files mounted, 0 remain pending
[2019.05.15-22.58.03:659][  0]LogPakFile: Registered encryption key '00000000000000000000000000000000': 0 pak files mounted, 0 remain pending
[2019.05.15-22.58.03:733][  0]LogPakFile: Registered encryption key '00000000000000000000000000000000': 0 pak files mounted, 0 remain pending
[2019.05.15-22.58.03:743][  0]LogPakFile: Registered encryption key '00000000000000000000000000000000': 0 pak files mounted, 0 remain pending
[2019.05.15-22.58.03:753][  0]LogPakFile: Registered encryption key '00000000000000000000000000000000': 0 pak files mounted, 0 remain pending
[2019.05.15-22.58.03:763][  0]LogPakFile: Registered encryption key '00000000000000000000000000000000': 0 pak files mounted, 0 remain pending
[2019.05.15-22.58.03:774][  0]LogPakFile: Registered encryption key '00000000000000000000000000000000': 0 pak files mounted, 0 remain pending
[2019.05.15-22.58.03:784][  0]LogPakFile: Registered encryption key '00000000000000000000000000000000': 0 pak files mounted, 0 remain pending
[2019.05.15-22.58.03:795][  0]LogPakFile: Registered encryption key '00000000000000000000000000000000': 0 pak files mounted, 0 remain pending
[2019.05.15-22.58.03:804][  0]LogPakFile: Registered encryption key '00000000000000000000000000000000': 0 pak files mounted, 0 remain pending
[2019.05.15-22.58.03:814][  0]LogPakFile: Registered encryption key '00000000000000000000000000000000': 0 pak files mounted, 0 remain pending
[2019.05.15-22.58.03:824][  0]LogPakFile: Registered encryption key '00000000000000000000000000000000': 0 pak files mounted, 0 remain pending
[2019.05.15-22.58.03:834][  0]LogPakFile: Registered encryption key '00000000000000000000000000000000': 0 pak files mounted, 0 remain pending
[2019.05.15-22.58.03:843][  0]LogPakFile: Registered encryption key '00000000000000000000000000000000': 0 pak files mounted, 0 remain pending
[2019.05.15-22.58.04:130][  0]LogContentBrowser: Native class hierarchy updated for 'AddContentDialog' in 0.0008 seconds. Added 0 classes and 0 folders.
[2019.05.15-22.58.04:138][  0]LogContentBrowser: Native class hierarchy updated for 'SceneOutliner' in 0.0008 seconds. Added 1 classes and 0 folders.
[2019.05.15-22.58.04:196][  0]LogSlate: Took 0.011478 seconds to synchronously load lazily loaded font '../../../Engine/Content/Slate/Fonts/Roboto-Regular.ttf' (155K)
[2019.05.15-22.58.04:208][  0]LogSlate: Took 0.008671 seconds to synchronously load lazily loaded font '../../../Engine/Content/Slate/Fonts/Roboto-Bold.ttf' (160K)
[2019.05.15-22.58.04:228][  0]LogSlate: Took 0.008521 seconds to synchronously load lazily loaded font '../../../Engine/Content/Editor/Slate/Fonts/FontAwesome.ttf' (139K)
[2019.05.15-22.58.04:468][  0]LogRenderer: Reallocating scene render targets to support 964x436 Format 10 NumSamples 1 (Frame:1).
[2019.05.15-22.58.04:861][  0]LogContentBrowser: Native class hierarchy updated for 'HierarchicalLODOutliner' in 0.0009 seconds. Added 0 classes and 0 folders.
[2019.05.15-22.58.04:861][  0]LogLoad: (Engine Initialization) Total time: 41.84 seconds
[2019.05.15-22.58.04:861][  0]LogLoad: (Engine Initialization) Total Blueprint compile time: 0.00 seconds
[2019.05.15-22.58.04:928][  0]LogContentStreaming: Texture pool size now 1000 MB
[2019.05.15-22.58.05:003][  0]LogSlate: Took 0.007988 seconds to synchronously load lazily loaded font '../../../Engine/Content/Slate/Fonts/Roboto-Light.ttf' (167K)
[2019.05.15-22.58.05:035][  1]LogAssetRegistry: Asset discovery search completed in 30.8776 seconds
[2019.05.15-22.58.05:040][  1]LogCollectionManager: Rebuilt the object cache for 0 collections in 0.000000 seconds (found 0 objects)
[2019.05.15-22.58.05:040][  1]LogCollectionManager: Fixed up redirectors for 0 collections in 0.000129 seconds (updated 0 objects)
[2019.05.15-22.58.19:757][737]LogSlate: FSceneViewport::OnFocusLost() reason 0
[2019.05.15-22.58.19:832][746]LogTemp: Repeating last play command: Selected Viewport
[2019.05.15-22.58.19:849][746]LogBlueprintUserMessages: Early PlayInEditor Detection: Level '/Game/FlyingCPP/Maps/FlyingExampleMap.FlyingExampleMap:PersistentLevel' has LevelScriptBlueprint '/Game/FlyingCPP/Maps/FlyingExampleMap.FlyingExampleMap:PersistentLevel.FlyingExampleMap' with GeneratedClass '/Game/FlyingCPP/Maps/FlyingExampleMap.FlyingExampleMap_C' with ClassGeneratedBy '/Game/FlyingCPP/Maps/FlyingExampleMap.FlyingExampleMap:PersistentLevel.FlyingExampleMap'
[2019.05.15-22.58.19:849][746]LogPlayLevel: PlayLevel: No blueprints needed recompiling
[2019.05.15-22.58.19:850][746]PIE: New page: PIE session: FlyingExampleMap (May 15, 2019, 8:58:19 AM)
[2019.05.15-22.58.19:862][746]LogPlayLevel: Creating play world package: /Game/FlyingCPP/Maps/UEDPIE_0_FlyingExampleMap
[2019.05.15-22.58.19:892][746]LogPlayLevel: PIE: StaticDuplicateObject took: (0.029480s)
[2019.05.15-22.58.19:892][746]LogAIModule: Creating AISystem for world FlyingExampleMap
[2019.05.15-22.58.19:893][746]LogPlayLevel: PIE: World Init took: (0.001004s)
[2019.05.15-22.58.19:893][746]LogPlayLevel: PIE: Created PIE world by copying editor world from /Game/FlyingCPP/Maps/FlyingExampleMap.FlyingExampleMap to /Game/FlyingCPP/Maps/UEDPIE_0_FlyingExampleMap.FlyingExampleMap (0.030980s)
[2019.05.15-22.58.19:930][746]LogUObjectHash: Compacting FUObjectHashTables data took   1.39ms
[2019.05.15-22.58.19:937][746]LogInit: XAudio2 using 'Speakers / Headphones (Realtek Audio)' : 2 channels at 48 kHz using 32 bits per sample (channel mask 0x3)
[2019.05.15-22.58.19:954][746]LogInit: FAudioDevice initialized.
[2019.05.15-22.58.19:995][746]LogLoad: Game class is 'FinalProjectGameMode'
[2019.05.15-22.58.20:001][746]LogWorld: Bringing World /Game/FlyingCPP/Maps/UEDPIE_0_FlyingExampleMap.FlyingExampleMap up for play (max tick rate 0) at 2019.05.15-15.58.20
[2019.05.15-22.58.20:002][746]LogWorld: Bringing up level for play took: 0.005917
[2019.05.15-22.58.20:023][746]LogContentBrowser: Native class hierarchy updated for 'MovieSceneCapture' in 0.0006 seconds. Added 20 classes and 0 folders.
[2019.05.15-22.58.20:024][746]PIE: Play in editor start time for /Game/FlyingCPP/Maps/UEDPIE_0_FlyingExampleMap -0.042
[2019.05.15-22.58.20:024][746]LogBlueprintUserMessages: Late PlayInEditor Detection: Level '/Game/FlyingCPP/Maps/FlyingExampleMap.FlyingExampleMap:PersistentLevel' has LevelScriptBlueprint '/Game/FlyingCPP/Maps/FlyingExampleMap.FlyingExampleMap:PersistentLevel.FlyingExampleMap' with GeneratedClass '/Game/FlyingCPP/Maps/FlyingExampleMap.FlyingExampleMap_C' with ClassGeneratedBy '/Game/FlyingCPP/Maps/FlyingExampleMap.FlyingExampleMap:PersistentLevel.FlyingExampleMap'
[2019.05.15-22.58.23:536][158]LogOutputDevice: Warning: 

Script Stack (0 frames):

[2019.05.15-22.58.23:536][158]LogWindows: Windows GetLastError: The operation completed successfully. (0)
[2019.05.15-22.58.26:196][158]LogWindows: Error: === Critical error: ===
[2019.05.15-22.58.26:196][158]LogWindows: Error: 
[2019.05.15-22.58.26:196][158]LogWindows: Error: Fatal error: [File:D:\Build\++UE4\Sync\Engine\Source\Runtime\CoreUObject\Private\UObject\UObjectGlobals.cpp] [Line: 3179] 
[2019.05.15-22.58.26:196][158]LogWindows: Error: FObjectFinders can't be used outside of constructors to find /Game/FXVarietyPack/Particles/P_ky_explosion.P_ky_explosion
[2019.05.15-22.58.26:197][158]LogWindows: Error: 
[2019.05.15-22.58.26:197][158]LogWindows: Error: 
[2019.05.15-22.58.26:197][158]LogWindows: Error: [Callstack] 0x00007ffa8b43a388 KERNELBASE.dll!UnknownFunction []
[2019.05.15-22.58.26:197][158]LogWindows: Error: [Callstack] 0x00007ffa53cb1f07 UE4Editor-Core.dll!UnknownFunction []
[2019.05.15-22.58.26:197][158]LogWindows: Error: [Callstack] 0x00007ffa53cb46b7 UE4Editor-Core.dll!UnknownFunction []
[2019.05.15-22.58.26:197][158]LogWindows: Error: [Callstack] 0x00007ffa53ac7cea UE4Editor-Core.dll!UnknownFunction []
[2019.05.15-22.58.26:197][158]LogWindows: Error: [Callstack] 0x00007ffa53a4fe07 UE4Editor-Core.dll!UnknownFunction []
[2019.05.15-22.58.26:197][158]LogWindows: Error: [Callstack] 0x00007ffa6dfa1a6b UE4Editor-CoreUObject.dll!UnknownFunction []
[2019.05.15-22.58.26:197][158]LogWindows: Error: [Callstack] 0x00007ffa228e44df UE4Editor-FinalProject.dll!AAsteroid::explode() [c:\users\admin\documents\unreal projects\finalproject\source\finalproject\asteroid.cpp:104]
[2019.05.15-22.58.26:197][158]LogWindows: Error: [Callstack] 0x00007ffa49f3f653 UE4Editor-Engine.dll!UnknownFunction []
[2019.05.15-22.58.26:197][158]LogWindows: Error: [Callstack] 0x00007ffa49f21c22 UE4Editor-Engine.dll!UnknownFunction []
[2019.05.15-22.58.26:197][158]LogWindows: Error: [Callstack] 0x00007ffa4a30a12c UE4Editor-Engine.dll!UnknownFunction []
[2019.05.15-22.58.26:197][158]LogWindows: Error: [Callstack] 0x00007ffa4a323031 UE4Editor-Engine.dll!UnknownFunction []
[2019.05.15-22.58.26:197][158]LogWindows: Error: [Callstack] 0x00007ffa4a38a171 UE4Editor-Engine.dll!UnknownFunction []
[2019.05.15-22.58.26:197][158]LogWindows: Error: [Callstack] 0x00007ffa4a34f902 UE4Editor-Engine.dll!UnknownFunction []
[2019.05.15-22.58.26:197][158]LogWindows: Error: [Callstack] 0x00007ffa49f11ccf UE4Editor-Engine.dll!UnknownFunction []
[2019.05.15-22.58.26:197][158]LogWindows: Error: [Callstack] 0x00007ffa228e8270 UE4Editor-FinalProject.dll!ALaser::Tick() [c:\users\admin\documents\unreal projects\finalproject\source\finalproject\laser.cpp:60]
[2019.05.15-22.58.26:197][158]LogWindows: Error: [Callstack] 0x00007ffa49f5fea2 UE4Editor-Engine.dll!UnknownFunction []
[2019.05.15-22.58.26:197][158]LogWindows: Error: [Callstack] 0x00007ffa49f2aeed UE4Editor-Engine.dll!UnknownFunction []
[2019.05.15-22.58.26:197][158]LogWindows: Error: [Callstack] 0x00007ffa4aee6dcc UE4Editor-Engine.dll!UnknownFunction []
[2019.05.15-22.58.26:198][158]LogWindows: Error: [Callstack] 0x00007ffa538d22d8 UE4Editor-Core.dll!UnknownFunction []
[2019.05.15-22.58.26:198][158]LogWindows: Error: [Callstack] 0x00007ffa538d2563 UE4Editor-Core.dll!UnknownFunction []
[2019.05.15-22.58.26:198][158]LogWindows: Error: [Callstack] 0x00007ffa538e2309 UE4Editor-Core.dll!UnknownFunction []
[2019.05.15-22.58.26:198][158]LogWindows: Error: [Callstack] 0x00007ffa4af2f4f3 UE4Editor-Engine.dll!UnknownFunction []
[2019.05.15-22.58.26:198][158]LogWindows: Error: [Callstack] 0x00007ffa4af3b782 UE4Editor-Engine.dll!UnknownFunction []
[2019.05.15-22.58.26:198][158]LogWindows: Error: [Callstack] 0x00007ffa4a75d9bf UE4Editor-Engine.dll!UnknownFunction []
[2019.05.15-22.58.26:198][158]LogWindows: Error: [Callstack] 0x00007ffa4a767b98 UE4Editor-Engine.dll!UnknownFunction []
[2019.05.15-22.58.26:198][158]LogWindows: Error: [Callstack] 0x00007ffa48ab02f7 UE4Editor-UnrealEd.dll!UnknownFunction []
[2019.05.15-22.58.26:198][158]LogWindows: Error: [Callstack] 0x00007ffa492cc836 UE4Editor-UnrealEd.dll!UnknownFunction []
[2019.05.15-22.58.26:198][158]LogWindows: Error: [Callstack] 0x00007ff77a6e6bb1 UE4Editor.exe!UnknownFunction []
[2019.05.15-22.58.26:198][158]LogWindows: Error: [Callstack] 0x00007ff77a6f554c UE4Editor.exe!UnknownFunction []
[2019.05.15-22.58.26:198][158]LogWindows: Error: [Callstack] 0x00007ff77a6f55ca UE4Editor.exe!UnknownFunction []
[2019.05.15-22.58.26:198][158]LogWindows: Error: [Callstack] 0x00007ff77a70316c UE4Editor.exe!UnknownFunction []
[2019.05.15-22.58.26:198][158]LogWindows: Error: [Callstack] 0x00007ff77a705b8e UE4Editor.exe!UnknownFunction []
[2019.05.15-22.58.26:198][158]LogWindows: Error: [Callstack] 0x00007ffa8dd54034 KERNEL32.DLL!UnknownFunction []
[2019.05.15-22.58.26:198][158]LogWindows: Error: [Callstack] 0x00007ffa8f053691 ntdll.dll!UnknownFunction []
[2019.05.15-22.58.26:198][158]LogWindows: Error: 
[2019.05.15-22.58.26:247][158]LogExit: Executing StaticShutdownAfterError
[2019.05.15-22.58.26:253][158]LogWindows: FPlatformMisc::RequestExit(1)
[2019.05.15-22.58.26:264][158]Log file closed, 05/15/19 15:58:26
